<?xml version="1.0" encoding="UTF-8"?>
<!-- Generated by org.testng.reporters.JUnitReportReporter -->
<testsuite hostname="DESKTOP-486IUNM" failures="0" tests="1" name="interview.Set_Dimensions" time="51.149" errors="0" timestamp="2024-07-01T22:04:54 IST" skipped="0">
  <testcase classname="interview.Set_Dimensions" name="launch" time="51.149"/>
  <system-out/>
</testsuite> <!-- interview.Set_Dimensions -->
