<?xml version="1.0" encoding="UTF-8"?>
<!-- Generated by org.testng.reporters.JUnitReportReporter -->
<testsuite hostname="DESKTOP-486IUNM" failures="0" tests="1" name="automation.Scroll_Element_To_Viiw" time="18.203" errors="0" timestamp="2024-12-26T19:32:09 IST" skipped="0">
  <testcase classname="automation.Scroll_Element_To_Viiw" name="scrollElementIntoView" time="18.203"/>
  <system-out/>
</testsuite> <!-- automation.Scroll_Element_To_Viiw -->
