<?xml version="1.0" encoding="UTF-8"?>
<!-- Generated by org.testng.reporters.JUnitReportReporter -->
<testsuite hostname="DESKTOP-486IUNM" failures="0" tests="1" name="code_Practice.Scroll_Page_Automation" time="44.216" errors="0" timestamp="2024-12-30T12:41:24 IST" skipped="0">
  <testcase classname="code_Practice.Scroll_Page_Automation" name="scroll_Page" time="44.216"/>
  <system-out/>
</testsuite> <!-- code_Practice.Scroll_Page_Automation -->
