<?xml version="1.0" encoding="UTF-8"?>
<!-- Generated by org.testng.reporters.JUnitReportReporter -->
<testsuite hostname="DESKTOP-486IUNM" failures="0" tests="1" name="code_Practice.Drop_Down_Automation" time="22.540" errors="0" timestamp="2024-12-30T15:50:00 IST" skipped="0">
  <testcase classname="code_Practice.Drop_Down_Automation" name="drop_down" time="22.540"/>
  <system-out/>
</testsuite> <!-- code_Practice.Drop_Down_Automation -->
