<?xml version="1.0" encoding="UTF-8"?>
<!-- Generated by org.testng.reporters.JUnitReportReporter -->
<testsuite hostname="DESKTOP-486IUNM" failures="0" tests="1" name="automation.Jenkins_ScreenShot" time="6.308" errors="0" timestamp="2024-12-26T18:35:34 IST" skipped="0">
  <testcase classname="automation.Jenkins_ScreenShot" name="takeScreenShot" time="6.308"/>
  <system-out/>
</testsuite> <!-- automation.Jenkins_ScreenShot -->
