<?xml version="1.0" encoding="UTF-8"?>
<!-- Generated by org.testng.reporters.JUnitReportReporter -->
<testsuite hostname="DESKTOP-486IUNM" failures="0" tests="1" name="code_Practice.Date_Picker" time="24.306" errors="0" timestamp="2024-12-30T16:18:08 IST" skipped="0">
  <testcase classname="code_Practice.Date_Picker" name="date_Picker" time="24.306"/>
  <system-out/>
</testsuite> <!-- code_Practice.Date_Picker -->
