<?xml version="1.0" encoding="UTF-8"?>
<!-- Generated by org.testng.reporters.JUnitReportReporter -->
<testsuite hostname="DESKTOP-486IUNM" failures="0" tests="1" name="code_Practice.Handle_Alert_Automation" time="20.918" errors="0" timestamp="2024-12-30T09:52:43 IST" skipped="0">
  <testcase classname="code_Practice.Handle_Alert_Automation" name="prompt_Alert" time="20.918"/>
  <system-out/>
</testsuite> <!-- code_Practice.Handle_Alert_Automation -->
