<?xml version="1.0" encoding="UTF-8"?>
<!-- Generated by org.testng.reporters.JUnitReportReporter -->
<testsuite hostname="DESKTOP-486IUNM" failures="0" tests="1" name="automation.Mouse_Hover_On_Element" time="20.172" errors="0" timestamp="2024-12-27T20:02:56 IST" skipped="0">
  <testcase classname="automation.Mouse_Hover_On_Element" name="main" time="20.172"/>
  <system-out/>
</testsuite> <!-- automation.Mouse_Hover_On_Element -->
