<?xml version="1.0" encoding="UTF-8"?>
<!-- Generated by org.testng.reporters.JUnitReportReporter -->
<testsuite hostname="DESKTOP-486IUNM" failures="0" tests="1" name="code_Practice.Handle_Drag_Drop_Auto" time="21.310" errors="0" timestamp="2024-12-30T11:35:28 IST" skipped="0">
  <testcase classname="code_Practice.Handle_Drag_Drop_Auto" name="launch_url" time="21.310"/>
  <system-out/>
</testsuite> <!-- code_Practice.Handle_Drag_Drop_Auto -->
