<?xml version="1.0" encoding="UTF-8"?>
<!-- Generated by org.testng.reporters.JUnitReportReporter -->
<testsuite hostname="DESKTOP-486IUNM" failures="0" tests="1" name="code_Practice.Upload_File" time="14.333" errors="0" timestamp="2024-12-30T16:54:58 IST" skipped="0">
  <testcase classname="code_Practice.Upload_File" name="updaload_File" time="14.333"/>
  <system-out/>
</testsuite> <!-- code_Practice.Upload_File -->
