<?xml version="1.0" encoding="UTF-8"?>
<!-- Generated by org.testng.reporters.JUnitReportReporter -->
<testsuite hostname="DESKTOP-486IUNM" failures="0" tests="1" name="code_Practice.Take_Screenshot_Automation" time="9.284" errors="0" timestamp="2024-12-30T11:49:59 IST" skipped="0">
  <testcase classname="code_Practice.Take_Screenshot_Automation" name="takeScreenshot" time="9.284"/>
  <system-out/>
</testsuite> <!-- code_Practice.Take_Screenshot_Automation -->
