<?xml version="1.0" encoding="UTF-8"?>
<!-- Generated by org.testng.reporters.JUnitReportReporter -->
<testsuite hostname="DESKTOP-486IUNM" failures="0" tests="1" name="code_Practice.Swap_Two_Number_by_Both_Way" time="0.041" errors="0" timestamp="2024-12-27T17:53:37 IST" skipped="0">
  <testcase classname="code_Practice.Swap_Two_Number_by_Both_Way" name="withoutThirdNumber" time="0.041"/>
  <system-out/>
</testsuite> <!-- code_Practice.Swap_Two_Number_by_Both_Way -->
